<?xml version="1.0" encoding="UTF-8"?>
<testsuite name="framework.core.Pieces.KingTest" tests="3" skipped="0" failures="0" errors="0" timestamp="2019-05-22T04:51:41" hostname="Albertos-MacBook-Air.local" time="0.009">
  <properties/>
  <testcase name="getPossibleMoves" classname="framework.core.Pieces.KingTest" time="0.005"/>
  <testcase name="string" classname="framework.core.Pieces.KingTest" time="0.001"/>
  <testcase name="copy" classname="framework.core.Pieces.KingTest" time="0.0"/>
  <system-out><![CDATA[]]></system-out>
  <system-err><![CDATA[]]></system-err>
</testsuite>
