<?xml version="1.0" encoding="UTF-8"?>
<testsuite name="framework.core.Pieces.RookTest" tests="3" skipped="0" failures="0" errors="0" timestamp="2019-05-19T02:15:53" hostname="Albertos-MacBook-Air.local" time="0.001">
  <properties/>
  <testcase name="getPossibleMoves" classname="framework.core.Pieces.RookTest" time="0.0"/>
  <testcase name="string" classname="framework.core.Pieces.RookTest" time="0.0"/>
  <testcase name="copy" classname="framework.core.Pieces.RookTest" time="0.0"/>
  <system-out><![CDATA[]]></system-out>
  <system-err><![CDATA[]]></system-err>
</testsuite>
