<?xml version="1.0" encoding="UTF-8"?>
<testsuite name="framework.core.BoardTest" tests="3" skipped="0" failures="0" errors="0" timestamp="2019-05-23T21:32:55" hostname="Albertos-MacBook-Air.local" time="0.039">
  <properties/>
  <testcase name="inBounds" classname="framework.core.BoardTest" time="0.008"/>
  <testcase name="getValidMoves" classname="framework.core.BoardTest" time="0.03"/>
  <testcase name="isCheck" classname="framework.core.BoardTest" time="0.0"/>
  <system-out><![CDATA[]]></system-out>
  <system-err><![CDATA[]]></system-err>
</testsuite>
